  Source.cpp
c:\users\user\documents\aed-tf\tf_aed\allegrotemp\allegrotemp\cplayer.h(173): warning C4018: '<': no coinciden signed/unsigned
c:\users\user\documents\aed-tf\tf_aed\allegrotemp\allegrotemp\cplayer.h(183): warning C4018: '<': no coinciden signed/unsigned
c:\users\user\documents\aed-tf\tf_aed\allegrotemp\allegrotemp\cplayer.h(267): warning C4018: '<': no coinciden signed/unsigned
c:\users\user\documents\aed-tf\tf_aed\allegrotemp\allegrotemp\cplayer.h(298): warning C4018: '<': no coinciden signed/unsigned
c:\users\user\documents\aed-tf\tf_aed\allegrotemp\allegrotemp\beacon.h(150): warning C4018: '<': no coinciden signed/unsigned
c:\users\user\documents\aed-tf\tf_aed\allegrotemp\allegrotemp\beacon.h(173): warning C4018: '<': no coinciden signed/unsigned
c:\users\user\documents\aed-tf\tf_aed\allegrotemp\allegrotemp\input.h(22): warning C4018: '<': no coinciden signed/unsigned
c:\users\user\documents\aed-tf\tf_aed\allegrotemp\allegrotemp\juego.h(48): warning C4018: '<': no coinciden signed/unsigned
c:\users\user\documents\aed-tf\tf_aed\allegrotemp\allegrotemp\cplayer.h(236): warning C4018: '<': no coinciden signed/unsigned
  c:\users\user\documents\aed-tf\tf_aed\allegrotemp\allegrotemp\scene.h(208): note: vea la referencia a la creación de instancias de plantilla de función 'int CPlayer::ColisionRecurso<Recurso>(std::vector<Recurso,std::allocator<_Ty>>)' que se está compilando
          with
          [
              _Ty=Recurso
          ]
c:\users\user\documents\aed-tf\tf_aed\allegrotemp\allegrotemp\cplayer.h(210): warning C4018: '<': no coinciden signed/unsigned
  c:\users\user\documents\aed-tf\tf_aed\allegrotemp\allegrotemp\scene.h(209): note: vea la referencia a la creación de instancias de plantilla de función 'int CPlayer::ColisionMalos<CEnemy>(std::vector<CEnemy,std::allocator<_Ty>>)' que se está compilando
          with
          [
              _Ty=CEnemy
          ]
c:\users\user\documents\aed-tf\tf_aed\allegrotemp\allegrotemp\cplayer.h(224): warning C4018: '<': no coinciden signed/unsigned
c:\users\user\documents\aed-tf\tf_aed\allegrotemp\allegrotemp\beacon.h(153): warning C4715: 'Beacon::getIdUbicacion': no todas las rutas de acceso de control devuelven un valor
c:\users\user\documents\aed-tf\tf_aed\allegrotemp\allegrotemp\arbol.h(52): warning C4715: '<lambda_c862a8f5e2d6cbc9559775bdeb8ab05d>::operator()': no todas las rutas de acceso de control devuelven un valor
  AllegroTemp.vcxproj -> C:\Users\user\Documents\AED-TF\TF_AED\AllegroTemp\Debug\AllegroTemp.exe
